<?xml version="1.0" encoding="UTF-8"?>
<!-- Generated by org.testng.reporters.JUnitReportReporter -->
<testsuite skipped="0" hostname="LAPTOP-TNCPBSIO" name="tests.EXLTest" tests="2" failures="0" timestamp="2019-11-06T01:07:35 IST" time="72.474" errors="0">
  <testcase name="validateRouteDetails" time="37.998" classname="tests.EXLTest"/>
  <testcase name="validateRouteDetails" time="34.476" classname="tests.EXLTest"/>
</testsuite> <!-- tests.EXLTest -->
